<?xml version="1.0" encoding="UTF-8" ?>
<testsuite errors="1" failures="0" hostname="Attila-PC" name="com.qumla.service.test.LoginDaoTest" skipped="0" tests="0" time="0.096" timestamp="2015-08-14T22:04:10">
  <properties>
[...]
</properties>
  <testcase classname="junit.framework.TestSuite" name="com.qumla.service.test.LoginDaoTest" time="0.0">
    <error message="Error parsing SQL Mapper Configuration. Cause: org.apache.ibatis.builder.BuilderException: Error registering typeAlias for &apos;DictionaryItem&apos;. Cause: java.lang.ClassNotFoundException: Cannot find class: com.qumla.domain.dictionary.DictionaryItem" type="org.apache.ibatis.builder.BuilderException">org.apache.ibatis.builder.BuilderException: Error parsing SQL Mapper Configuration. Cause: org.apache.ibatis.builder.BuilderException: Error registering typeAlias for &apos;DictionaryItem&apos;. Cause: java.lang.ClassNotFoundException: Cannot find class: com.qumla.domain.dictionary.DictionaryItem
	at org.apache.ibatis.builder.xml.XMLConfigBuilder.parseConfiguration(XMLConfigBuilder.java:109)
	at org.apache.ibatis.builder.xml.XMLConfigBuilder.parse(XMLConfigBuilder.java:92)
	at com.qumla.service.test.AbstractTest.beforeClass(AbstractTest.java:43)
Caused by: org.apache.ibatis.builder.BuilderException: Error registering typeAlias for &apos;DictionaryItem&apos;. Cause: java.lang.ClassNotFoundException: Cannot find class: com.qumla.domain.dictionary.DictionaryItem
	at org.apache.ibatis.builder.xml.XMLConfigBuilder.typeAliasesElement(XMLConfigBuilder.java:130)
	at org.apache.ibatis.builder.xml.XMLConfigBuilder.parseConfiguration(XMLConfigBuilder.java:99)
Caused by: java.lang.ClassNotFoundException: Cannot find class: com.qumla.domain.dictionary.DictionaryItem
	at org.apache.ibatis.io.ClassLoaderWrapper.classForName(ClassLoaderWrapper.java:190)
	at org.apache.ibatis.io.ClassLoaderWrapper.classForName(ClassLoaderWrapper.java:89)
	at org.apache.ibatis.io.Resources.classForName(Resources.java:256)
	at org.apache.ibatis.builder.xml.XMLConfigBuilder.typeAliasesElement(XMLConfigBuilder.java:123)
</error>
  </testcase>
  <system-out><![CDATA[]]></system-out>
  <system-err><![CDATA[]]></system-err>
</testsuite>
